This file contains any messages produced by compilers while
running configure, to aid debugging if configure makes a mistake.

It was created by configure, which was
generated by GNU Autoconf 2.59.  Invocation command line was

  $ ./configure --enable-maintainer-mode

## --------- ##
## Platform. ##
## --------- ##

hostname = christian
uname -m = i686
uname -r = 2.6.12-10-386
uname -s = Linux
uname -v = #1 Mon Jan 16 17:18:08 UTC 2006

/usr/bin/uname -p = unknown
/bin/uname -X     = unknown

/bin/arch              = i686
/usr/bin/arch -k       = unknown
/usr/convex/getsysinfo = unknown
hostinfo               = unknown
/bin/machine           = unknown
/usr/bin/oslevel       = unknown
/bin/universe          = unknown

PATH: /usr/local/bin
PATH: /usr/local/sbin
PATH: /sbin
PATH: /usr/sbin
PATH: /bin
PATH: /usr/bin
PATH: /usr/bin/X11
PATH: /usr/games


## ----------- ##
## Core tests. ##
## ----------- ##

configure:1540: checking for a BSD-compatible install
configure:1595: result: /usr/bin/install -c
configure:1606: checking whether build environment is sane
configure:1649: result: yes
configure:1664: checking whether make sets $(MAKE)
configure:1684: result: yes
configure:1716: checking for working aclocal-1.4
configure:1723: result: found
configure:1731: checking for working autoconf
configure:1738: result: found
configure:1746: checking for working automake-1.4
configure:1753: result: found
configure:1761: checking for working autoheader
configure:1768: result: found
configure:1776: checking for working makeinfo
configure:1787: result: missing
configure:1797: checking whether to enable maintainer-specific portions of Makefiles
configure:1806: result: yes
configure:1867: checking for gcc
configure:1883: found /usr/bin/gcc
configure:1893: result: gcc
configure:2137: checking for C compiler version
configure:2140: gcc --version </dev/null >&5
gcc (GCC) 4.0.2 20050808 (prerelease) (Ubuntu 4.0.1-4ubuntu9)
Copyright (C) 2005 Free Software Foundation, Inc.
This is free software; see the source for copying conditions.  There is NO
warranty; not even for MERCHANTABILITY or FITNESS FOR A PARTICULAR PURPOSE.

configure:2143: $? = 0
configure:2145: gcc -v </dev/null >&5
Using built-in specs.
Target: i486-linux-gnu
Configured with: ../src/configure -v --enable-languages=c,c++,java,f95,objc,ada,treelang --prefix=/usr --with-gxx-include-dir=/usr/include/c++/4.0.2 --enable-shared --with-system-zlib --libexecdir=/usr/lib --enable-nls --without-included-gettext --enable-threads=posix --program-suffix=-4.0 --enable-__cxa_atexit --enable-libstdcxx-allocator=mt --enable-clocale=gnu --enable-libstdcxx-debug --enable-java-gc=boehm --enable-java-awt=gtk --enable-gtk-cairo --with-java-home=/usr/lib/jvm/java-1.4.2-gcj-4.0-1.4.2.0/jre --enable-mpfr --disable-werror --enable-checking=release i486-linux-gnu
Thread model: posix
gcc version 4.0.2 20050808 (prerelease) (Ubuntu 4.0.1-4ubuntu9)
configure:2148: $? = 0
configure:2150: gcc -V </dev/null >&5
gcc: '-V' option must have argument
configure:2153: $? = 1
configure:2176: checking for C compiler default output file name
configure:2179: gcc    conftest.c  >&5
configure:2182: $? = 0
configure:2228: result: a.out
configure:2233: checking whether the C compiler works
configure:2239: ./a.out
configure:2242: $? = 0
configure:2259: result: yes
configure:2266: checking whether we are cross compiling
configure:2268: result: no
configure:2271: checking for suffix of executables
configure:2273: gcc -o conftest    conftest.c  >&5
configure:2276: $? = 0
configure:2301: result: 
configure:2307: checking for suffix of object files
configure:2328: gcc -c   conftest.c >&5
configure:2331: $? = 0
configure:2353: result: o
configure:2357: checking whether we are using the GNU C compiler
configure:2381: gcc -c   conftest.c >&5
configure:2387: $? = 0
configure:2390: test -z 			 || test ! -s conftest.err
configure:2393: $? = 0
configure:2396: test -s conftest.o
configure:2399: $? = 0
configure:2412: result: yes
configure:2418: checking whether gcc accepts -g
configure:2439: gcc -c -g  conftest.c >&5
configure:2445: $? = 0
configure:2448: test -z 			 || test ! -s conftest.err
configure:2451: $? = 0
configure:2454: test -s conftest.o
configure:2457: $? = 0
configure:2468: result: yes
configure:2485: checking for gcc option to accept ANSI C
configure:2555: gcc  -c -g -O2  conftest.c >&5
configure:2561: $? = 0
configure:2564: test -z 			 || test ! -s conftest.err
configure:2567: $? = 0
configure:2570: test -s conftest.o
configure:2573: $? = 0
configure:2591: result: none needed
configure:2609: gcc -c -g -O2  conftest.c >&5
conftest.c:2: error: syntax error before 'me'
configure:2615: $? = 1
configure: failed program was:
| #ifndef __cplusplus
|   choke me
| #endif
configure:2747: checking for strerror in -lcposix
configure:2777: gcc -o conftest -g -O2   conftest.c -lcposix   >&5
/usr/bin/ld: cannot find -lcposix
collect2: ld returned 1 exit status
configure:2783: $? = 1
configure: failed program was:
| /* confdefs.h.  */
| 
| #define PACKAGE_NAME ""
| #define PACKAGE_TARNAME ""
| #define PACKAGE_VERSION ""
| #define PACKAGE_STRING ""
| #define PACKAGE_BUGREPORT ""
| #define PACKAGE "test1"
| #define VERSION "0.1"
| /* end confdefs.h.  */
| 
| /* Override any gcc2 internal prototype to avoid an error.  */
| #ifdef __cplusplus
| extern "C"
| #endif
| /* We use char because int might match the return type of a gcc2
|    builtin and then its argument prototype would still apply.  */
| char strerror ();
| int
| main ()
| {
| strerror ();
|   ;
|   return 0;
| }
configure:2808: result: no
configure:2862: checking for gcc
configure:2888: result: gcc
configure:3132: checking for C compiler version
configure:3135: gcc --version </dev/null >&5
gcc (GCC) 4.0.2 20050808 (prerelease) (Ubuntu 4.0.1-4ubuntu9)
Copyright (C) 2005 Free Software Foundation, Inc.
This is free software; see the source for copying conditions.  There is NO
warranty; not even for MERCHANTABILITY or FITNESS FOR A PARTICULAR PURPOSE.

configure:3138: $? = 0
configure:3140: gcc -v </dev/null >&5
Using built-in specs.
Target: i486-linux-gnu
Configured with: ../src/configure -v --enable-languages=c,c++,java,f95,objc,ada,treelang --prefix=/usr --with-gxx-include-dir=/usr/include/c++/4.0.2 --enable-shared --with-system-zlib --libexecdir=/usr/lib --enable-nls --without-included-gettext --enable-threads=posix --program-suffix=-4.0 --enable-__cxa_atexit --enable-libstdcxx-allocator=mt --enable-clocale=gnu --enable-libstdcxx-debug --enable-java-gc=boehm --enable-java-awt=gtk --enable-gtk-cairo --with-java-home=/usr/lib/jvm/java-1.4.2-gcj-4.0-1.4.2.0/jre --enable-mpfr --disable-werror --enable-checking=release i486-linux-gnu
Thread model: posix
gcc version 4.0.2 20050808 (prerelease) (Ubuntu 4.0.1-4ubuntu9)
configure:3143: $? = 0
configure:3145: gcc -V </dev/null >&5
gcc: '-V' option must have argument
configure:3148: $? = 1
configure:3151: checking whether we are using the GNU C compiler
configure:3206: result: yes
configure:3212: checking whether gcc accepts -g
configure:3262: result: yes
configure:3279: checking for gcc option to accept ANSI C
configure:3385: result: none needed
configure:3403: gcc -c -g -O2  conftest.c >&5
conftest.c:2: error: syntax error before 'me'
configure:3409: $? = 1
configure: failed program was:
| #ifndef __cplusplus
|   choke me
| #endif
configure:3542: checking for gcc option to accept ANSI C
configure:3604: gcc  -c -g -O2  conftest.c >&5
configure:3610: $? = 0
configure:3613: test -z 			 || test ! -s conftest.err
configure:3616: $? = 0
configure:3619: test -s conftest.o
configure:3622: $? = 0
configure:3637: result: none needed
configure:3653: checking how to run the C preprocessor
configure:3688: gcc -E  conftest.c
configure:3694: $? = 0
configure:3726: gcc -E  conftest.c
conftest.c:11:28: error: ac_nonexistent.h: No such file or directory
configure:3732: $? = 1
configure: failed program was:
| /* confdefs.h.  */
| 
| #define PACKAGE_NAME ""
| #define PACKAGE_TARNAME ""
| #define PACKAGE_VERSION ""
| #define PACKAGE_STRING ""
| #define PACKAGE_BUGREPORT ""
| #define PACKAGE "test1"
| #define VERSION "0.1"
| /* end confdefs.h.  */
| #include <ac_nonexistent.h>
configure:3771: result: gcc -E
configure:3795: gcc -E  conftest.c
configure:3801: $? = 0
configure:3833: gcc -E  conftest.c
conftest.c:11:28: error: ac_nonexistent.h: No such file or directory
configure:3839: $? = 1
configure: failed program was:
| /* confdefs.h.  */
| 
| #define PACKAGE_NAME ""
| #define PACKAGE_TARNAME ""
| #define PACKAGE_VERSION ""
| #define PACKAGE_STRING ""
| #define PACKAGE_BUGREPORT ""
| #define PACKAGE "test1"
| #define VERSION "0.1"
| /* end confdefs.h.  */
| #include <ac_nonexistent.h>
configure:3883: checking for egrep
configure:3893: result: grep -E
configure:3898: checking for ANSI C header files
configure:3923: gcc -c -g -O2  conftest.c >&5
configure:3929: $? = 0
configure:3932: test -z 			 || test ! -s conftest.err
configure:3935: $? = 0
configure:3938: test -s conftest.o
configure:3941: $? = 0
configure:4030: gcc -o conftest -g -O2   conftest.c  >&5
conftest.c: In function 'main':
conftest.c:28: warning: incompatible implicit declaration of built-in function 'exit'
configure:4033: $? = 0
configure:4035: ./conftest
configure:4038: $? = 0
configure:4053: result: yes
configure:4069: checking how to run the C preprocessor
configure:4187: result: gcc -E
configure:4211: gcc -E  conftest.c
configure:4217: $? = 0
configure:4249: gcc -E  conftest.c
conftest.c:12:28: error: ac_nonexistent.h: No such file or directory
configure:4255: $? = 1
configure: failed program was:
| /* confdefs.h.  */
| 
| #define PACKAGE_NAME ""
| #define PACKAGE_TARNAME ""
| #define PACKAGE_VERSION ""
| #define PACKAGE_STRING ""
| #define PACKAGE_BUGREPORT ""
| #define PACKAGE "test1"
| #define VERSION "0.1"
| #define STDC_HEADERS 1
| /* end confdefs.h.  */
| #include <ac_nonexistent.h>
configure:4350: checking for g++
configure:4366: found /usr/bin/g++
configure:4376: result: g++
configure:4392: checking for C++ compiler version
configure:4395: g++ --version </dev/null >&5
g++ (GCC) 4.0.2 20050808 (prerelease) (Ubuntu 4.0.1-4ubuntu9)
Copyright (C) 2005 Free Software Foundation, Inc.
This is free software; see the source for copying conditions.  There is NO
warranty; not even for MERCHANTABILITY or FITNESS FOR A PARTICULAR PURPOSE.

configure:4398: $? = 0
configure:4400: g++ -v </dev/null >&5
Using built-in specs.
Target: i486-linux-gnu
Configured with: ../src/configure -v --enable-languages=c,c++,java,f95,objc,ada,treelang --prefix=/usr --with-gxx-include-dir=/usr/include/c++/4.0.2 --enable-shared --with-system-zlib --libexecdir=/usr/lib --enable-nls --without-included-gettext --enable-threads=posix --program-suffix=-4.0 --enable-__cxa_atexit --enable-libstdcxx-allocator=mt --enable-clocale=gnu --enable-libstdcxx-debug --enable-java-gc=boehm --enable-java-awt=gtk --enable-gtk-cairo --with-java-home=/usr/lib/jvm/java-1.4.2-gcj-4.0-1.4.2.0/jre --enable-mpfr --disable-werror --enable-checking=release i486-linux-gnu
Thread model: posix
gcc version 4.0.2 20050808 (prerelease) (Ubuntu 4.0.1-4ubuntu9)
configure:4403: $? = 0
configure:4405: g++ -V </dev/null >&5
g++: '-V' option must have argument
configure:4408: $? = 1
configure:4411: checking whether we are using the GNU C++ compiler
configure:4435: g++ -c   conftest.cc >&5
configure:4441: $? = 0
configure:4444: test -z 			 || test ! -s conftest.err
configure:4447: $? = 0
configure:4450: test -s conftest.o
configure:4453: $? = 0
configure:4466: result: yes
configure:4472: checking whether g++ accepts -g
configure:4493: g++ -c -g  conftest.cc >&5
configure:4499: $? = 0
configure:4502: test -z 			 || test ! -s conftest.err
configure:4505: $? = 0
configure:4508: test -s conftest.o
configure:4511: $? = 0
configure:4522: result: yes
configure:4564: g++ -c -g -O2  conftest.cc >&5
configure:4570: $? = 0
configure:4573: test -z 			 || test ! -s conftest.err
configure:4576: $? = 0
configure:4579: test -s conftest.o
configure:4582: $? = 0
configure:4608: g++ -c -g -O2  conftest.cc >&5
conftest.cc: In function 'int main()':
conftest.cc:16: error: 'exit' was not declared in this scope
configure:4614: $? = 1
configure: failed program was:
| /* confdefs.h.  */
| 
| #define PACKAGE_NAME ""
| #define PACKAGE_TARNAME ""
| #define PACKAGE_VERSION ""
| #define PACKAGE_STRING ""
| #define PACKAGE_BUGREPORT ""
| #define PACKAGE "test1"
| #define VERSION "0.1"
| #define STDC_HEADERS 1
| /* end confdefs.h.  */
| 
| int
| main ()
| {
| exit (42);
|   ;
|   return 0;
| }
configure:4564: g++ -c -g -O2  conftest.cc >&5
configure:4570: $? = 0
configure:4573: test -z 			 || test ! -s conftest.err
configure:4576: $? = 0
configure:4579: test -s conftest.o
configure:4582: $? = 0
configure:4608: g++ -c -g -O2  conftest.cc >&5
configure:4614: $? = 0
configure:4617: test -z 			 || test ! -s conftest.err
configure:4620: $? = 0
configure:4623: test -s conftest.o
configure:4626: $? = 0
configure:4728: checking build system type
configure:4746: result: i686-pc-linux-gnu
configure:4754: checking host system type
configure:4768: result: i686-pc-linux-gnu
configure:4776: checking for a sed that does not truncate output
configure:4830: result: /bin/sed
configure:4844: checking for ld used by gcc
configure:4911: result: /usr/bin/ld
configure:4920: checking if the linker (/usr/bin/ld) is GNU ld
configure:4935: result: yes
configure:4940: checking for /usr/bin/ld option to reload object files
configure:4947: result: -r
configure:4956: checking for BSD-compatible nm
configure:4998: result: /usr/bin/nm -B
configure:5002: checking whether ln -s works
configure:5006: result: yes
configure:5013: checking how to recognise dependent libraries
configure:5187: result: pass_all
configure:5408: checking for sys/types.h
configure:5424: gcc -c -g -O2  conftest.c >&5
configure:5430: $? = 0
configure:5433: test -z 			 || test ! -s conftest.err
configure:5436: $? = 0
configure:5439: test -s conftest.o
configure:5442: $? = 0
configure:5453: result: yes
configure:5408: checking for sys/stat.h
configure:5424: gcc -c -g -O2  conftest.c >&5
configure:5430: $? = 0
configure:5433: test -z 			 || test ! -s conftest.err
configure:5436: $? = 0
configure:5439: test -s conftest.o
configure:5442: $? = 0
configure:5453: result: yes
configure:5408: checking for stdlib.h
configure:5424: gcc -c -g -O2  conftest.c >&5
configure:5430: $? = 0
configure:5433: test -z 			 || test ! -s conftest.err
configure:5436: $? = 0
configure:5439: test -s conftest.o
configure:5442: $? = 0
configure:5453: result: yes
configure:5408: checking for string.h
configure:5424: gcc -c -g -O2  conftest.c >&5
configure:5430: $? = 0
configure:5433: test -z 			 || test ! -s conftest.err
configure:5436: $? = 0
configure:5439: test -s conftest.o
configure:5442: $? = 0
configure:5453: result: yes
configure:5408: checking for memory.h
configure:5424: gcc -c -g -O2  conftest.c >&5
configure:5430: $? = 0
configure:5433: test -z 			 || test ! -s conftest.err
configure:5436: $? = 0
configure:5439: test -s conftest.o
configure:5442: $? = 0
configure:5453: result: yes
configure:5408: checking for strings.h
configure:5424: gcc -c -g -O2  conftest.c >&5
configure:5430: $? = 0
configure:5433: test -z 			 || test ! -s conftest.err
configure:5436: $? = 0
configure:5439: test -s conftest.o
configure:5442: $? = 0
configure:5453: result: yes
configure:5408: checking for inttypes.h
configure:5424: gcc -c -g -O2  conftest.c >&5
configure:5430: $? = 0
configure:5433: test -z 			 || test ! -s conftest.err
configure:5436: $? = 0
configure:5439: test -s conftest.o
configure:5442: $? = 0
configure:5453: result: yes
configure:5408: checking for stdint.h
configure:5424: gcc -c -g -O2  conftest.c >&5
configure:5430: $? = 0
configure:5433: test -z 			 || test ! -s conftest.err
configure:5436: $? = 0
configure:5439: test -s conftest.o
configure:5442: $? = 0
configure:5453: result: yes
configure:5408: checking for unistd.h
configure:5424: gcc -c -g -O2  conftest.c >&5
configure:5430: $? = 0
configure:5433: test -z 			 || test ! -s conftest.err
configure:5436: $? = 0
configure:5439: test -s conftest.o
configure:5442: $? = 0
configure:5453: result: yes
configure:5479: checking dlfcn.h usability
configure:5491: gcc -c -g -O2  conftest.c >&5
configure:5497: $? = 0
configure:5500: test -z 			 || test ! -s conftest.err
configure:5503: $? = 0
configure:5506: test -s conftest.o
configure:5509: $? = 0
configure:5519: result: yes
configure:5523: checking dlfcn.h presence
configure:5533: gcc -E  conftest.c
configure:5539: $? = 0
configure:5559: result: yes
configure:5594: checking for dlfcn.h
configure:5601: result: yes
configure:5619: checking how to run the C++ preprocessor
configure:5650: g++ -E  conftest.cc
configure:5656: $? = 0
configure:5688: g++ -E  conftest.cc
conftest.cc:25:28: error: ac_nonexistent.h: No such file or directory
configure:5694: $? = 1
configure: failed program was:
| /* confdefs.h.  */
| 
| #define PACKAGE_NAME ""
| #define PACKAGE_TARNAME ""
| #define PACKAGE_VERSION ""
| #define PACKAGE_STRING ""
| #define PACKAGE_BUGREPORT ""
| #define PACKAGE "test1"
| #define VERSION "0.1"
| #define STDC_HEADERS 1
| #ifdef __cplusplus
| extern "C" void std::exit (int) throw (); using std::exit;
| #endif
| #define HAVE_SYS_TYPES_H 1
| #define HAVE_SYS_STAT_H 1
| #define HAVE_STDLIB_H 1
| #define HAVE_STRING_H 1
| #define HAVE_MEMORY_H 1
| #define HAVE_STRINGS_H 1
| #define HAVE_INTTYPES_H 1
| #define HAVE_STDINT_H 1
| #define HAVE_UNISTD_H 1
| #define HAVE_DLFCN_H 1
| /* end confdefs.h.  */
| #include <ac_nonexistent.h>
configure:5733: result: g++ -E
configure:5757: g++ -E  conftest.cc
configure:5763: $? = 0
configure:5795: g++ -E  conftest.cc
conftest.cc:25:28: error: ac_nonexistent.h: No such file or directory
configure:5801: $? = 1
configure: failed program was:
| /* confdefs.h.  */
| 
| #define PACKAGE_NAME ""
| #define PACKAGE_TARNAME ""
| #define PACKAGE_VERSION ""
| #define PACKAGE_STRING ""
| #define PACKAGE_BUGREPORT ""
| #define PACKAGE "test1"
| #define VERSION "0.1"
| #define STDC_HEADERS 1
| #ifdef __cplusplus
| extern "C" void std::exit (int) throw (); using std::exit;
| #endif
| #define HAVE_SYS_TYPES_H 1
| #define HAVE_SYS_STAT_H 1
| #define HAVE_STDLIB_H 1
| #define HAVE_STRING_H 1
| #define HAVE_MEMORY_H 1
| #define HAVE_STRINGS_H 1
| #define HAVE_INTTYPES_H 1
| #define HAVE_STDINT_H 1
| #define HAVE_UNISTD_H 1
| #define HAVE_DLFCN_H 1
| /* end confdefs.h.  */
| #include <ac_nonexistent.h>
configure:5896: checking for g77
configure:5925: result: no
configure:5896: checking for f77
configure:5925: result: no
configure:5896: checking for xlf
configure:5925: result: no
configure:5896: checking for frt
configure:5925: result: no
configure:5896: checking for pgf77
configure:5925: result: no
configure:5896: checking for fort77
configure:5925: result: no
configure:5896: checking for fl32
configure:5925: result: no
configure:5896: checking for af77
configure:5925: result: no
configure:5896: checking for f90
configure:5925: result: no
configure:5896: checking for xlf90
configure:5925: result: no
configure:5896: checking for pgf90
configure:5925: result: no
configure:5896: checking for epcf90
configure:5925: result: no
configure:5896: checking for f95
configure:5925: result: no
configure:5896: checking for fort
configure:5925: result: no
configure:5896: checking for xlf95
configure:5925: result: no
configure:5896: checking for ifc
configure:5925: result: no
configure:5896: checking for efc
configure:5925: result: no
configure:5896: checking for pgf95
configure:5925: result: no
configure:5896: checking for lf95
configure:5925: result: no
configure:5896: checking for gfortran
configure:5925: result: no
configure:5937: checking for Fortran 77 compiler version
configure:5940:  --version </dev/null >&5
./configure: line 5941: --version: command not found
configure:5943: $? = 127
configure:5945:  -v </dev/null >&5
./configure: line 5946: -v: command not found
configure:5948: $? = 127
configure:5950:  -V </dev/null >&5
./configure: line 5951: -V: command not found
configure:5953: $? = 127
configure:5961: checking whether we are using the GNU Fortran 77 compiler
configure:5975:  -c  conftest.F >&5
./configure: line 5976: -c: command not found
configure:5981: $? = 127
configure: failed program was:
|       program main
| #ifndef __GNUC__
|        choke me
| #endif
| 
|       end
configure:6006: result: no
configure:6012: checking whether  accepts -g
configure:6024:  -c -g conftest.f >&5
./configure: line 6025: -c: command not found
configure:6030: $? = 127
configure: failed program was:
|       program main
| 
|       end
configure:6054: result: no
configure:6084: checking the maximum length of command line arguments
configure:6149: result: 32768
configure:6160: checking command to parse /usr/bin/nm -B output from gcc object
configure:6249: gcc -c -g -O2  conftest.c >&5
configure:6252: $? = 0
configure:6256: /usr/bin/nm -B conftest.o \| sed -n -e 's/^.*[ 	]\([ABCDGIRSTW][ABCDGIRSTW]*\)[ 	][ 	]*\(\)\([_A-Za-z][_A-Za-z0-9]*\)$/\1 \2\3 \3/p' \> conftest.nm
configure:6259: $? = 0
configure:6311: gcc -o conftest -g -O2   conftest.c conftstm.o >&5
configure:6314: $? = 0
configure:6352: result: ok
configure:6356: checking for objdir
configure:6371: result: .libs
configure:6461: checking for ar
configure:6477: found /usr/bin/ar
configure:6488: result: ar
configure:6541: checking for ranlib
configure:6557: found /usr/bin/ranlib
configure:6568: result: ranlib
configure:6621: checking for strip
configure:6637: found /usr/bin/strip
configure:6648: result: strip
configure:6910: checking if gcc static flag  works
configure:6933: result: yes
configure:6951: checking if gcc supports -fno-rtti -fno-exceptions
configure:6969: gcc -c -g -O2  -fno-rtti -fno-exceptions conftest.c >&5
cc1: warning: command line option "-fno-rtti" is valid for C++/ObjC++ but not for C
configure:6973: $? = 0
configure:6984: result: no
configure:6999: checking for gcc option to produce PIC
configure:7176: result: -fPIC
configure:7184: checking if gcc PIC flag -fPIC works
configure:7202: gcc -c -g -O2  -fPIC -DPIC conftest.c >&5
configure:7206: $? = 0
configure:7217: result: yes
configure:7241: checking if gcc supports -c -o file.o
configure:7262: gcc -c -g -O2  -o out/conftest2.o conftest.c >&5
configure:7266: $? = 0
configure:7286: result: yes
configure:7312: checking whether the gcc linker (/usr/bin/ld) supports shared libraries
configure:8159: result: yes
configure:8185: checking whether -lc should be explicitly linked in
configure:8190: gcc -c -g -O2  conftest.c >&5
configure:8193: $? = 0
configure:8207: gcc -shared conftest.o  -v -Wl,-soname -Wl,conftest -o conftest 2\>\&1 \| grep  -lc  \>/dev/null 2\>\&1
configure:8210: $? = 0
configure:8222: result: no
configure:8230: checking dynamic linker characteristics
configure:8782: result: GNU/Linux ld.so
configure:8786: checking how to hardcode library paths into programs
configure:8811: result: immediate
configure:8825: checking whether stripping libraries is possible
configure:8830: result: yes
configure:9653: checking if libtool supports shared libraries
configure:9655: result: yes
configure:9658: checking whether to build shared libraries
configure:9716: result: yes
configure:9719: checking whether to build static libraries
configure:9723: result: yes
configure:9815: creating libtool
configure:10362: checking for ld used by g++
configure:10429: result: /usr/bin/ld
configure:10438: checking if the linker (/usr/bin/ld) is GNU ld
configure:10453: result: yes
configure:10504: checking whether the g++ linker (/usr/bin/ld) supports shared libraries
configure:11330: result: yes
configure:11348: g++ -c -g -O2  conftest.cc >&5
configure:11351: $? = 0
configure:11447: checking for g++ option to produce PIC
configure:11699: result: -fPIC
configure:11707: checking if g++ PIC flag -fPIC works
configure:11725: g++ -c -g -O2  -fPIC -DPIC conftest.cc >&5
configure:11729: $? = 0
configure:11740: result: yes
configure:11764: checking if g++ supports -c -o file.o
configure:11785: g++ -c -g -O2  -o out/conftest2.o conftest.cc >&5
configure:11789: $? = 0
configure:11809: result: yes
configure:11835: checking whether the g++ linker (/usr/bin/ld) supports shared libraries
configure:11863: result: yes
configure:11934: checking dynamic linker characteristics
configure:12486: result: GNU/Linux ld.so
configure:12490: checking how to hardcode library paths into programs
configure:12515: result: immediate
configure:12529: checking whether stripping libraries is possible
configure:12534: result: yes
configure:19781: checking target system type
configure:19795: result: i686-pc-linux-gnu
configure:19850: checking for sdl-config
configure:19868: found /usr/bin/sdl-config
configure:19881: result: /usr/bin/sdl-config
configure:19889: checking for SDL - version >= 1.2.0
configure:19979: gcc -o conftest -g -O2 -I/usr/include/SDL -D_REENTRANT   conftest.c  -L/usr/lib -lSDL -lpthread >&5
configure:19982: $? = 0
configure:19984: ./conftest
configure:19987: $? = 0
configure:20005: result: yes
configure:20265: creating ./config.status

## ---------------------- ##
## Running config.status. ##
## ---------------------- ##

This file was extended by config.status, which was
generated by GNU Autoconf 2.59.  Invocation command line was

  CONFIG_FILES    = 
  CONFIG_HEADERS  = 
  CONFIG_LINKS    = 
  CONFIG_COMMANDS = 
  $ ./config.status 

on christian

config.status:753: creating Makefile
config.status:753: creating src/Makefile
config.status:819: creating config.h
config.status:939: config.h is unchanged
config.status:1097: executing default-1 commands

## ---------------- ##
## Cache variables. ##
## ---------------- ##

ac_cv_build=i686-pc-linux-gnu
ac_cv_build_alias=i686-pc-linux-gnu
ac_cv_c_compiler_gnu=yes
ac_cv_cxx_compiler_gnu=yes
ac_cv_env_CC_set=
ac_cv_env_CC_value=
ac_cv_env_CFLAGS_set=
ac_cv_env_CFLAGS_value=
ac_cv_env_CPPFLAGS_set=
ac_cv_env_CPPFLAGS_value=
ac_cv_env_CPP_set=
ac_cv_env_CPP_value=
ac_cv_env_CXXCPP_set=
ac_cv_env_CXXCPP_value=
ac_cv_env_CXXFLAGS_set=
ac_cv_env_CXXFLAGS_value=
ac_cv_env_CXX_set=
ac_cv_env_CXX_value=
ac_cv_env_F77_set=
ac_cv_env_F77_value=
ac_cv_env_FFLAGS_set=
ac_cv_env_FFLAGS_value=
ac_cv_env_LDFLAGS_set=
ac_cv_env_LDFLAGS_value=
ac_cv_env_build_alias_set=
ac_cv_env_build_alias_value=
ac_cv_env_host_alias_set=
ac_cv_env_host_alias_value=
ac_cv_env_target_alias_set=
ac_cv_env_target_alias_value=
ac_cv_exeext=
ac_cv_f77_compiler_gnu=no
ac_cv_header_dlfcn_h=yes
ac_cv_header_inttypes_h=yes
ac_cv_header_memory_h=yes
ac_cv_header_stdc=yes
ac_cv_header_stdint_h=yes
ac_cv_header_stdlib_h=yes
ac_cv_header_string_h=yes
ac_cv_header_strings_h=yes
ac_cv_header_sys_stat_h=yes
ac_cv_header_sys_types_h=yes
ac_cv_header_unistd_h=yes
ac_cv_host=i686-pc-linux-gnu
ac_cv_host_alias=i686-pc-linux-gnu
ac_cv_lib_cposix_strerror=no
ac_cv_objext=o
ac_cv_path_SDL_CONFIG=/usr/bin/sdl-config
ac_cv_path_install='/usr/bin/install -c'
ac_cv_prog_CPP='gcc -E'
ac_cv_prog_CXXCPP='g++ -E'
ac_cv_prog_ac_ct_AR=ar
ac_cv_prog_ac_ct_CC=gcc
ac_cv_prog_ac_ct_CXX=g++
ac_cv_prog_ac_ct_RANLIB=ranlib
ac_cv_prog_ac_ct_STRIP=strip
ac_cv_prog_cc_g=yes
ac_cv_prog_cc_stdc=
ac_cv_prog_cxx_g=yes
ac_cv_prog_egrep='grep -E'
ac_cv_prog_f77_g=no
ac_cv_prog_make_make_set=yes
ac_cv_target=i686-pc-linux-gnu
ac_cv_target_alias=i686-pc-linux-gnu
am_cv_prog_cc_stdc=
lt_cv_deplibs_check_method=pass_all
lt_cv_file_magic_cmd='$MAGIC_CMD'
lt_cv_file_magic_test_file=
lt_cv_ld_reload_flag=-r
lt_cv_objdir=.libs
lt_cv_path_LD=/usr/bin/ld
lt_cv_path_LDCXX=/usr/bin/ld
lt_cv_path_NM='/usr/bin/nm -B'
lt_cv_path_SED=/bin/sed
lt_cv_prog_compiler_c_o=yes
lt_cv_prog_compiler_c_o_CXX=yes
lt_cv_prog_compiler_rtti_exceptions=no
lt_cv_prog_gnu_ld=yes
lt_cv_prog_gnu_ldcxx=yes
lt_cv_sys_global_symbol_pipe='sed -n -e '\''s/^.*[ 	]\([ABCDGIRSTW][ABCDGIRSTW]*\)[ 	][ 	]*\(\)\([_A-Za-z][_A-Za-z0-9]*\)$/\1 \2\3 \3/p'\'''
lt_cv_sys_global_symbol_to_c_name_address='sed -n -e '\''s/^: \([^ ]*\) $/  {\"\1\", (lt_ptr) 0},/p'\'' -e '\''s/^[BCDEGRST] \([^ ]*\) \([^ ]*\)$/  {"\2", (lt_ptr) \&\2},/p'\'''
lt_cv_sys_global_symbol_to_cdecl='sed -n -e '\''s/^. .* \(.*\)$/extern int \1;/p'\'''
lt_cv_sys_max_cmd_len=32768
lt_lt_cv_prog_compiler_c_o='"yes"'
lt_lt_cv_prog_compiler_c_o_CXX='"yes"'
lt_lt_cv_sys_global_symbol_pipe='"sed -n -e '\''s/^.*[ 	]\\([ABCDGIRSTW][ABCDGIRSTW]*\\)[ 	][ 	]*\\(\\)\\([_A-Za-z][_A-Za-z0-9]*\\)\$/\\1 \\2\\3 \\3/p'\''"'
lt_lt_cv_sys_global_symbol_to_c_name_address='"sed -n -e '\''s/^: \\([^ ]*\\) \$/  {\\\"\\1\\\", (lt_ptr) 0},/p'\'' -e '\''s/^[BCDEGRST] \\([^ ]*\\) \\([^ ]*\\)\$/  {\"\\2\", (lt_ptr) \\&\\2},/p'\''"'
lt_lt_cv_sys_global_symbol_to_cdecl='"sed -n -e '\''s/^. .* \\(.*\\)\$/extern int \\1;/p'\''"'

## ----------------- ##
## Output variables. ##
## ----------------- ##

ACLOCAL='aclocal-1.4'
AR='ar'
AUTOCONF='autoconf'
AUTOHEADER='autoheader'
AUTOMAKE='automake-1.4'
CC='gcc'
CFLAGS='-g -O2'
CPP='gcc -E'
CPPFLAGS=''
CXX='g++'
CXXCPP='g++ -E'
CXXFLAGS='-g -O2'
DEFS='-DHAVE_CONFIG_H'
ECHO='echo'
ECHO_C=''
ECHO_N='-n'
ECHO_T=''
EGREP='grep -E'
EXEEXT=''
F77=''
FFLAGS=''
INSTALL_DATA='${INSTALL} -m 644'
INSTALL_PROGRAM='${INSTALL}'
INSTALL_SCRIPT='${INSTALL}'
LDFLAGS=''
LIBOBJS=''
LIBS=''
LIBTOOL='$(SHELL) $(top_builddir)/libtool'
LN_S='ln -s'
LTLIBOBJS=''
MAINT=''
MAINTAINER_MODE_FALSE='#'
MAINTAINER_MODE_TRUE=''
MAKEINFO='/home/chrikle/Projects/test1/missing makeinfo'
NO_PREFIX_PACKAGE_DATA_DIR='share'
NO_PREFIX_PACKAGE_DOC_DIR='doc/test1'
NO_PREFIX_PACKAGE_HELP_DIR='share/help'
NO_PREFIX_PACKAGE_MENU_DIR='share'
NO_PREFIX_PACKAGE_PIXMAPS_DIR='share/pixmaps'
OBJEXT='o'
PACKAGE='test1'
PACKAGE_BUGREPORT=''
PACKAGE_DATA_DIR='/usr/local/share'
PACKAGE_DOC_DIR='/usr/local/doc/test1'
PACKAGE_HELP_DIR='/usr/local/share/help'
PACKAGE_MENU_DIR='/usr/local/share'
PACKAGE_NAME=''
PACKAGE_PIXMAPS_DIR='/usr/local/share/pixmaps'
PACKAGE_STRING=''
PACKAGE_TARNAME=''
PACKAGE_VERSION=''
PATH_SEPARATOR=':'
RANLIB='ranlib'
SDL_CFLAGS='-I/usr/include/SDL -D_REENTRANT'
SDL_CONFIG='/usr/bin/sdl-config'
SDL_LIBS='-L/usr/lib -lSDL -lpthread'
SET_MAKE=''
SHELL='/bin/sh'
STRIP='strip'
VERSION='0.1'
ac_ct_AR='ar'
ac_ct_CC='gcc'
ac_ct_CXX='g++'
ac_ct_F77=''
ac_ct_RANLIB='ranlib'
ac_ct_STRIP='strip'
bindir='${exec_prefix}/bin'
build='i686-pc-linux-gnu'
build_alias=''
build_cpu='i686'
build_os='linux-gnu'
build_vendor='pc'
datadir='${prefix}/share'
exec_prefix='${prefix}'
host='i686-pc-linux-gnu'
host_alias=''
host_cpu='i686'
host_os='linux-gnu'
host_vendor='pc'
includedir='${prefix}/include'
infodir='${prefix}/info'
libdir='${exec_prefix}/lib'
libexecdir='${exec_prefix}/libexec'
localstatedir='${prefix}/var'
mandir='${prefix}/man'
oldincludedir='/usr/include'
prefix='/usr/local'
program_transform_name='s,x,x,'
sbindir='${exec_prefix}/sbin'
sharedstatedir='${prefix}/com'
sysconfdir='${prefix}/etc'
target='i686-pc-linux-gnu'
target_alias=''
target_cpu='i686'
target_os='linux-gnu'
target_vendor='pc'

## ----------- ##
## confdefs.h. ##
## ----------- ##

#define HAVE_DLFCN_H 1
#define HAVE_INTTYPES_H 1
#define HAVE_MEMORY_H 1
#define HAVE_STDINT_H 1
#define HAVE_STDLIB_H 1
#define HAVE_STRINGS_H 1
#define HAVE_STRING_H 1
#define HAVE_SYS_STAT_H 1
#define HAVE_SYS_TYPES_H 1
#define HAVE_UNISTD_H 1
#define PACKAGE "test1"
#define PACKAGE_BUGREPORT ""
#define PACKAGE_DATA_DIR "/usr/local/share"
#define PACKAGE_DOC_DIR "/usr/local/doc/test1"
#define PACKAGE_HELP_DIR "/usr/local/share/help"
#define PACKAGE_MENU_DIR "/usr/local/share"
#define PACKAGE_NAME ""
#define PACKAGE_PIXMAPS_DIR "/usr/local/share/pixmaps"
#define PACKAGE_SOURCE_DIR "/home/chrikle/Projects/test1"
#define PACKAGE_STRING ""
#define PACKAGE_TARNAME ""
#define PACKAGE_VERSION ""
#define STDC_HEADERS 1
#define VERSION "0.1"
#endif
#ifdef __cplusplus
extern "C" void std::exit (int) throw (); using std::exit;

configure: exit 0

## ---------------------- ##
## Running config.status. ##
## ---------------------- ##

This file was extended by config.status, which was
generated by GNU Autoconf 2.59.  Invocation command line was

  CONFIG_FILES    = src/Makefile
  CONFIG_HEADERS  = 
  CONFIG_LINKS    = 
  CONFIG_COMMANDS = 
  $ ./config.status 

on christian

config.status:753: creating src/Makefile
config.status:1097: executing default-1 commands

## ---------------------- ##
## Running config.status. ##
## ---------------------- ##

This file was extended by config.status, which was
generated by GNU Autoconf 2.59.  Invocation command line was

  CONFIG_FILES    = Makefile
  CONFIG_HEADERS  = 
  CONFIG_LINKS    = 
  CONFIG_COMMANDS = 
  $ ./config.status 

on christian

config.status:753: creating Makefile
config.status:1097: executing default-1 commands

## ---------------------- ##
## Running config.status. ##
## ---------------------- ##

This file was extended by config.status, which was
generated by GNU Autoconf 2.59.  Invocation command line was

  CONFIG_FILES    = src/Makefile
  CONFIG_HEADERS  = 
  CONFIG_LINKS    = 
  CONFIG_COMMANDS = 
  $ ./config.status 

on christian

config.status:753: creating src/Makefile
config.status:1097: executing default-1 commands

## ---------------------- ##
## Running config.status. ##
## ---------------------- ##

This file was extended by config.status, which was
generated by GNU Autoconf 2.59.  Invocation command line was

  CONFIG_FILES    = src/Makefile
  CONFIG_HEADERS  = 
  CONFIG_LINKS    = 
  CONFIG_COMMANDS = 
  $ ./config.status 

on christian

config.status:753: creating src/Makefile
config.status:1097: executing default-1 commands
